<?xml version="1.0" encoding="UTF-8" ?>
<testsuite tests="19" failures="7" name="com.payoff.weather.test.bvt.PayoffWeatherTestBVT" time="20.538" errors="0" skipped="0">
  <properties>
    <property name="java.runtime.name" value="Java(TM) SE Runtime Environment"/>
    <property name="sun.boot.library.path" value="C:\Program Files\Java\jdk1.8.0_45\jre\bin"/>
    <property name="java.vm.version" value="25.45-b02"/>
    <property name="java.vm.vendor" value="Oracle Corporation"/>
    <property name="java.vendor.url" value="http://java.oracle.com/"/>
    <property name="path.separator" value=";"/>
    <property name="guice.disable.misplaced.annotation.check" value="true"/>
    <property name="java.vm.name" value="Java HotSpot(TM) 64-Bit Server VM"/>
    <property name="file.encoding.pkg" value="sun.io"/>
    <property name="user.script" value=""/>
    <property name="user.country" value="US"/>
    <property name="sun.java.launcher" value="SUN_STANDARD"/>
    <property name="sun.os.patch.level" value=""/>
    <property name="test" value="PayoffWeatherTestBVT"/>
    <property name="java.vm.specification.name" value="Java Virtual Machine Specification"/>
    <property name="user.dir" value="C:\projects\PayoffWeatherTestBVT"/>
    <property name="java.runtime.version" value="1.8.0_45-b15"/>
    <property name="java.awt.graphicsenv" value="sun.awt.Win32GraphicsEnvironment"/>
    <property name="java.endorsed.dirs" value="C:\Program Files\Java\jdk1.8.0_45\jre\lib\endorsed"/>
    <property name="os.arch" value="amd64"/>
    <property name="java.io.tmpdir" value="C:\Users\eric\AppData\Local\Temp\"/>
    <property name="line.separator" value="
"/>
    <property name="java.vm.specification.vendor" value="Oracle Corporation"/>
    <property name="user.variant" value=""/>
    <property name="os.name" value="Windows 8.1"/>
    <property name="classworlds.conf" value="C:\tools\maven\apache-maven-3.0.5\bin\m2.conf"/>
    <property name="sun.jnu.encoding" value="Cp1252"/>
    <property name="java.library.path" value="C:\Program Files\Java\jdk1.8.0_45\bin;C:\WINDOWS\Sun\Java\bin;C:\WINDOWS\system32;C:\WINDOWS;C:\Python33\;C:\Program Files\Sencha\Cmd\3.1.2.342;C:\Program Files\Sencha\Cmd\3.1.1.274;C:\Program Files\Sencha\Cmd\3.1.0.256;C:\Program Files\Java\jdk1.8.0_45\bin;C:\tools\apache-ant-1.7.1\bin;C:\Program Files\CollabNet\Subversion Client;C:\Program Files (x86)\SenchaSDKTools-2.0.0-beta3;C:\Bat;c:\Bin;c:\tools\apache-ant-1.7\bin;C:\Program Files\MySQL\MySQL Server5.1\bin;C:\Program Files (x86)\Intel\iCLS Client\;C:\Program Files\Intel\iCLS Client\;C:\WINDOWS\system32;C:\WINDOWS;C:\WINDOWS\System32\Wbem;C:\WINDOWS\System32\WindowsPowerShell\v1.0\;C:\Program Files\Intel\Intel(R) Management Engine Components\DAL;C:\Program Files\Intel\Intel(R) Management Engine Components\IPT;C:\Program Files (x86)\Intel\Intel(R) Management Engine Components\DAL;C:\Program Files (x86)\Intel\Intel(R) Management Engine Components\IPT;C:\Program Files (x86)\Intel\OpenCL SDK\2.0\bin\x86;C:\Program Files (x86)\Intel\OpenCL SDK\2.0\bin\x64;C:\Program Files\Lenovo\Bluetooth Software\;C:\Program Files\Lenovo\Bluetooth Software\syswow64;C:\Program Files\Intel\WiFi\bin\;C:\Program Files\Common Files\Intel\WirelessCommon\;C:\Program Files\MySQL\MySQL Server 5.1\bin;C:\tools\maven\apache-maven-3.0.5\bin;C:\Program Files\TortoiseSVN\bin;C:\Program Files (x86)\Windows Kits\8.0\Windows Performance Toolkit\;C:\Program Files (x86)\scala\bin;C:\Program Files (x86)\IDM Computer Solutions\UltraEdit\;C:\tools\maven\apache-maven-3.0.5\bin;C:\Program Files (x86)\Git\bin;.;."/>
    <property name="java.specification.name" value="Java Platform API Specification"/>
    <property name="java.class.version" value="52.0"/>
    <property name="sun.management.compiler" value="HotSpot 64-Bit Tiered Compilers"/>
    <property name="os.version" value="6.3"/>
    <property name="user.home" value="C:\Users\eric"/>
    <property name="user.timezone" value="America/Los_Angeles"/>
    <property name="java.awt.printerjob" value="sun.awt.windows.WPrinterJob"/>
    <property name="java.specification.version" value="1.8"/>
    <property name="file.encoding" value="Cp1252"/>
    <property name="user.name" value="eric"/>
    <property name="java.class.path" value="C:\tools\maven\apache-maven-3.0.5\boot\plexus-classworlds-2.4.jar"/>
    <property name="java.vm.specification.version" value="1.8"/>
    <property name="sun.arch.data.model" value="64"/>
    <property name="java.home" value="C:\Program Files\Java\jdk1.8.0_45\jre"/>
    <property name="sun.java.command" value="org.codehaus.plexus.classworlds.launcher.Launcher test -Dtest=PayoffWeatherTestBVT"/>
    <property name="java.specification.vendor" value="Oracle Corporation"/>
    <property name="user.language" value="en"/>
    <property name="awt.toolkit" value="sun.awt.windows.WToolkit"/>
    <property name="java.vm.info" value="mixed mode"/>
    <property name="java.version" value="1.8.0_45"/>
    <property name="java.ext.dirs" value="C:\Program Files\Java\jdk1.8.0_45\jre\lib\ext;C:\WINDOWS\Sun\Java\lib\ext"/>
    <property name="sun.boot.class.path" value="C:\Program Files\Java\jdk1.8.0_45\jre\lib\resources.jar;C:\Program Files\Java\jdk1.8.0_45\jre\lib\rt.jar;C:\Program Files\Java\jdk1.8.0_45\jre\lib\sunrsasign.jar;C:\Program Files\Java\jdk1.8.0_45\jre\lib\jsse.jar;C:\Program Files\Java\jdk1.8.0_45\jre\lib\jce.jar;C:\Program Files\Java\jdk1.8.0_45\jre\lib\charsets.jar;C:\Program Files\Java\jdk1.8.0_45\jre\lib\jfr.jar;C:\Program Files\Java\jdk1.8.0_45\jre\classes"/>
    <property name="sun.stderr.encoding" value="cp437"/>
    <property name="java.vendor" value="Oracle Corporation"/>
    <property name="maven.home" value="C:\tools\maven\apache-maven-3.0.5"/>
    <property name="file.separator" value="\"/>
    <property name="java.vendor.url.bug" value="http://bugreport.sun.com/bugreport/"/>
    <property name="sun.cpu.endian" value="little"/>
    <property name="sun.io.unicode.encoding" value="UnicodeLittle"/>
    <property name="sun.stdout.encoding" value="cp437"/>
    <property name="sun.desktop" value="windows"/>
    <property name="sun.cpu.isalist" value="amd64"/>
  </properties>
  <testcase classname="com.payoff.weather.test.bvt.PayoffWeatherTestBVT" name="badAuthValue" time="2.85"/>
  <testcase classname="com.payoff.weather.test.bvt.PayoffWeatherTestBVT" name="badLocationTests" time="1.08"/>
  <testcase classname="com.payoff.weather.test.bvt.PayoffWeatherTestBVT" name="badLocationTests" time="0.844"/>
  <testcase classname="com.payoff.weather.test.bvt.PayoffWeatherTestBVT" name="badLocationTests" time="1.188">
    <failure message="JSONObject[&quot;code&quot;] not found." type="org.json.JSONException">org.json.JSONException: JSONObject[&quot;code&quot;] not found.
	at org.json.JSONObject.get(JSONObject.java:476)
	at org.json.JSONObject.getInt(JSONObject.java:538)
	at com.payoff.weather.client.ParsePayoffWeatherData.getErrorMessageCode(ParsePayoffWeatherData.java:14)
	at com.payoff.weather.test.bvt.PayoffWeatherTestBVT.badLocationTests(PayoffWeatherTestBVT.java:121)
</failure>
    <system-out>Sending through bad locations and validating the correct error code/msg
JSON String = [{&quot;day_of_week&quot;:&quot;Mon&quot;,&quot;high&quot;:&quot;80.23&quot;,&quot;low&quot;:&quot;60.89&quot;,&quot;high_celsius&quot;:&quot;26&quot;,&quot;low_celsius&quot;:&quot;16&quot;,&quot;condition&quot;:&quot;Partly cloudy throughout the day.&quot;},{&quot;day_of_week&quot;:&quot;Tue&quot;,&quot;high&quot;:&quot;82.34&quot;,&quot;low&quot;:&quot;66.59&quot;,&quot;high_celsius&quot;:&quot;27&quot;,&quot;low_celsius&quot;:&quot;19&quot;,&quot;condition&quot;:&quot;Mostly cloudy throughout the day.&quot;},{&quot;day_of_week&quot;:&quot;Wed&quot;,&quot;high&quot;:&quot;75.47&quot;,&quot;low&quot;:&quot;62.99&quot;,&quot;high_celsius&quot;:&quot;24&quot;,&quot;low_celsius&quot;:&quot;17&quot;,&quot;condition&quot;:&quot;Partly cloudy in the morning.&quot;},{&quot;day_of_week&quot;:&quot;Thu&quot;,&quot;high&quot;:&quot;74.46&quot;,&quot;low&quot;:&quot;60.62&quot;,&quot;high_celsius&quot;:&quot;23&quot;,&quot;low_celsius&quot;:&quot;15&quot;,&quot;condition&quot;:&quot;Partly cloudy in the morning.&quot;},{&quot;day_of_week&quot;:&quot;Fri&quot;,&quot;high&quot;:&quot;75.97&quot;,&quot;low&quot;:&quot;60.65&quot;,&quot;high_celsius&quot;:&quot;24&quot;,&quot;low_celsius&quot;:&quot;15&quot;,&quot;condition&quot;:&quot;Partly cloudy in the morning.&quot;},{&quot;day_of_week&quot;:&quot;Sat&quot;,&quot;high&quot;:&quot;77.25&quot;,&quot;low&quot;:&quot;61.92&quot;,&quot;high_celsius&quot;:&quot;25&quot;,&quot;low_celsius&quot;:&quot;16&quot;,&quot;condition&quot;:&quot;Clear throughout the day.&quot;},{&quot;day_of_week&quot;:&quot;Sun&quot;,&quot;high&quot;:&quot;78.5&quot;,&quot;low&quot;:&quot;63.64&quot;,&quot;high_celsius&quot;:&quot;25&quot;,&quot;low_celsius&quot;:&quot;17&quot;,&quot;condition&quot;:&quot;Clear throughout the day.&quot;}]

</system-out>
  </testcase>
  <testcase classname="com.payoff.weather.test.bvt.PayoffWeatherTestBVT" name="badLocationTests" time="0.855"/>
  <testcase classname="com.payoff.weather.test.bvt.PayoffWeatherTestBVT" name="brokenUrlTest" time="0.558">
    <failure message="The error code returned from the service for an incorrect method should be:  &apos;Some parameters required by the method are missing&apos;. We instead got:  Some parameters required by the method are missing expected [1008] but found [Some parameters required by the method are missing]" type="java.lang.AssertionError">java.lang.AssertionError: The error code returned from the service for an incorrect method should be:  &apos;Some parameters required by the method are missing&apos;. We instead got:  Some parameters required by the method are missing expected [1008] but found [Some parameters required by the method are missing]
	at org.testng.Assert.fail(Assert.java:94)
	at org.testng.Assert.failNotEquals(Assert.java:496)
	at org.testng.Assert.assertEquals(Assert.java:125)
	at com.payoff.weather.test.bvt.PayoffWeatherTestBVT.brokenUrlTest(PayoffWeatherTestBVT.java:188)
</failure>
    <system-out>Testing with missing location query parameter, should get a 200 status but an error message.
JSON String = [{&quot;message&quot;:&quot;Some parameters required by the method are missing&quot;,&quot;code&quot;:1008}]

</system-out>
  </testcase>
  <testcase classname="com.payoff.weather.test.bvt.PayoffWeatherTestBVT" name="checkRestMethodCompliance" time="0.559"/>
  <testcase classname="com.payoff.weather.test.bvt.PayoffWeatherTestBVT" name="checkRestMethodCompliance" time="0.524">
    <failure message="For http method:  PUT, we should have gotten a 404 http status code.  Instead we got:  500. expected [404] but found [500]" type="java.lang.AssertionError">java.lang.AssertionError: For http method:  PUT, we should have gotten a 404 http status code.  Instead we got:  500. expected [404] but found [500]
	at org.testng.Assert.fail(Assert.java:94)
	at org.testng.Assert.failNotEquals(Assert.java:496)
	at org.testng.Assert.assertEquals(Assert.java:125)
	at org.testng.Assert.assertEquals(Assert.java:372)
	at com.payoff.weather.test.bvt.PayoffWeatherTestBVT.checkRestMethodCompliance(PayoffWeatherTestBVT.java:155)
</failure>
    <system-out>Only GET should be used for this method, we&apos;ll use:  PUT, for city:  Los Angeles.
JSON String = {&quot;message&quot;:&quot;Ops, an error occurred (â•¯Â°â–¡Â°ï¼‰â•¯&quot;}

</system-out>
  </testcase>
  <testcase classname="com.payoff.weather.test.bvt.PayoffWeatherTestBVT" name="checkRestMethodCompliance" time="0.511">
    <failure message="For http method:  DELETE, we should have gotten a 404 http status code.  Instead we got:  500. expected [404] but found [500]" type="java.lang.AssertionError">java.lang.AssertionError: For http method:  DELETE, we should have gotten a 404 http status code.  Instead we got:  500. expected [404] but found [500]
	at org.testng.Assert.fail(Assert.java:94)
	at org.testng.Assert.failNotEquals(Assert.java:496)
	at org.testng.Assert.assertEquals(Assert.java:125)
	at org.testng.Assert.assertEquals(Assert.java:372)
	at com.payoff.weather.test.bvt.PayoffWeatherTestBVT.checkRestMethodCompliance(PayoffWeatherTestBVT.java:155)
</failure>
    <system-out>Only GET should be used for this method, we&apos;ll use:  DELETE, for city:  Los Angeles.
JSON String = {&quot;message&quot;:&quot;Ops, an error occurred (â•¯Â°â–¡Â°ï¼‰â•¯&quot;}

</system-out>
  </testcase>
  <testcase classname="com.payoff.weather.test.bvt.PayoffWeatherTestBVT" name="checkValidWeather" time="1.432"/>
  <testcase classname="com.payoff.weather.test.bvt.PayoffWeatherTestBVT" name="checkValidWeather" time="1.34">
    <failure message="For New York:  We expected the first day of the week to be:  Tue.  But we got:  Mon, instead. expected [tue] but found [mon]" type="java.lang.AssertionError">java.lang.AssertionError: For New York:  We expected the first day of the week to be:  Tue.  But we got:  Mon, instead. expected [tue] but found [mon]
	at org.testng.Assert.fail(Assert.java:94)
	at org.testng.Assert.failNotEquals(Assert.java:496)
	at org.testng.Assert.assertEquals(Assert.java:125)
	at org.testng.Assert.assertEquals(Assert.java:178)
	at com.payoff.weather.test.bvt.PayoffWeatherTestBVT.checkValidWeather(PayoffWeatherTestBVT.java:83)
</failure>
    <system-out>Starting weather check for location = New York
</system-out>
  </testcase>
  <testcase classname="com.payoff.weather.test.bvt.PayoffWeatherTestBVT" name="checkValidWeather" time="1.098"/>
  <testcase classname="com.payoff.weather.test.bvt.PayoffWeatherTestBVT" name="checkValidWeather" time="1.14">
    <failure message="For Guadalcanal:  We expected the first day of the week to be:  Tue.  But we got:  Mon, instead. expected [tue] but found [mon]" type="java.lang.AssertionError">java.lang.AssertionError: For Guadalcanal:  We expected the first day of the week to be:  Tue.  But we got:  Mon, instead. expected [tue] but found [mon]
	at org.testng.Assert.fail(Assert.java:94)
	at org.testng.Assert.failNotEquals(Assert.java:496)
	at org.testng.Assert.assertEquals(Assert.java:125)
	at org.testng.Assert.assertEquals(Assert.java:178)
	at com.payoff.weather.test.bvt.PayoffWeatherTestBVT.checkValidWeather(PayoffWeatherTestBVT.java:83)
</failure>
    <system-out>Starting weather check for location = Guadalcanal
</system-out>
  </testcase>
  <testcase classname="com.payoff.weather.test.bvt.PayoffWeatherTestBVT" name="checkValidWeather" time="1.173"/>
  <testcase classname="com.payoff.weather.test.bvt.PayoffWeatherTestBVT" name="checkValidWeather" time="1.042">
    <failure message="For Carlsbad, NM:  We expected the first day of the week to be:  Mon.  But we got:  Sun, instead. expected [mon] but found [sun]" type="java.lang.AssertionError">java.lang.AssertionError: For Carlsbad, NM:  We expected the first day of the week to be:  Mon.  But we got:  Sun, instead. expected [mon] but found [sun]
	at org.testng.Assert.fail(Assert.java:94)
	at org.testng.Assert.failNotEquals(Assert.java:496)
	at org.testng.Assert.assertEquals(Assert.java:125)
	at org.testng.Assert.assertEquals(Assert.java:178)
	at com.payoff.weather.test.bvt.PayoffWeatherTestBVT.checkValidWeather(PayoffWeatherTestBVT.java:83)
</failure>
    <system-out>Starting weather check for location = Carlsbad, NM
</system-out>
  </testcase>
  <testcase classname="com.payoff.weather.test.bvt.PayoffWeatherTestBVT" name="checkValidWeather" time="1.202"/>
  <testcase classname="com.payoff.weather.test.bvt.PayoffWeatherTestBVT" name="checkValidWeather" time="1.276"/>
  <testcase classname="com.payoff.weather.test.bvt.PayoffWeatherTestBVT" name="noAuthHeader" time="0.489"/>
  <testcase classname="com.payoff.weather.test.bvt.PayoffWeatherTestBVT" name="noAuthValue" time="0.487"/>
</testsuite>