<?xml version="1.0" encoding="UTF-8"?>
<!-- Generated by org.testng.reporters.JUnitXMLReporter -->
<testsuite hostname="testing-worker-linux-docker-3169b1d8-3198-linux-7" name="Command line test" tests="19" failures="7" timestamp="9 Jun 2015 12:12:58 GMT" time="16.841" errors="0">
  <testcase name="badAuthValue" time="5.396" classname="com.payoff.weather.test.bvt.PayoffWeatherTestBVT"/>
  <testcase name="badLocationTests" time="0.591" classname="com.payoff.weather.test.bvt.PayoffWeatherTestBVT"/>
  <testcase name="badLocationTests" time="0.72" classname="com.payoff.weather.test.bvt.PayoffWeatherTestBVT"/>
  <testcase name="badLocationTests" time="0.875" classname="com.payoff.weather.test.bvt.PayoffWeatherTestBVT">
    <failure type="org.json.JSONException" message="JSONObject[&amp;quot;code&amp;quot;] not found.">
      <![CDATA[org.json.JSONException: JSONObject["code"] not found.
	at org.json.JSONObject.get(JSONObject.java:476)
	at org.json.JSONObject.getInt(JSONObject.java:538)
	at com.payoff.weather.client.ParsePayoffWeatherData.getErrorMessageCode(ParsePayoffWeatherData.java:14)
	at com.payoff.weather.test.bvt.PayoffWeatherTestBVT.badLocationTests(PayoffWeatherTestBVT.java:121)
... Removed 33 stack frames]]>
    </failure>
  </testcase> <!-- badLocationTests -->
  <testcase name="badLocationTests" time="0.583" classname="com.payoff.weather.test.bvt.PayoffWeatherTestBVT"/>
  <testcase name="brokenUrlTest" time="0.161" classname="com.payoff.weather.test.bvt.PayoffWeatherTestBVT">
    <failure type="java.lang.AssertionError" message="The error code returned from the service for an incorrect method should be:  &amp;apos;Some parameters required by the method are missing&amp;apos;. We instead got:  Some parameters required by the method are missing expected [1008] but found [Some parameters required by the method are missing]">
      <![CDATA[java.lang.AssertionError: The error code returned from the service for an incorrect method should be:  'Some parameters required by the method are missing'. We instead got:  Some parameters required by the method are missing expected [1008] but found [Some parameters required by the method are missing]
	at com.payoff.weather.test.bvt.PayoffWeatherTestBVT.brokenUrlTest(PayoffWeatherTestBVT.java:188)
... Removed 36 stack frames]]>
    </failure>
  </testcase> <!-- brokenUrlTest -->
  <testcase name="checkRestMethodCompliance" time="0.239" classname="com.payoff.weather.test.bvt.PayoffWeatherTestBVT"/>
  <testcase name="checkRestMethodCompliance" time="0.094" classname="com.payoff.weather.test.bvt.PayoffWeatherTestBVT">
    <failure type="java.lang.AssertionError" message="For http method:  PUT, we should have gotten a 404 http status code.  Instead we got:  500. expected [404] but found [500]">
      <![CDATA[java.lang.AssertionError: For http method:  PUT, we should have gotten a 404 http status code.  Instead we got:  500. expected [404] but found [500]
	at com.payoff.weather.test.bvt.PayoffWeatherTestBVT.checkRestMethodCompliance(PayoffWeatherTestBVT.java:155)
... Removed 37 stack frames]]>
    </failure>
  </testcase> <!-- checkRestMethodCompliance -->
  <testcase name="checkRestMethodCompliance" time="0.128" classname="com.payoff.weather.test.bvt.PayoffWeatherTestBVT">
    <failure type="java.lang.AssertionError" message="For http method:  DELETE, we should have gotten a 404 http status code.  Instead we got:  500. expected [404] but found [500]">
      <![CDATA[java.lang.AssertionError: For http method:  DELETE, we should have gotten a 404 http status code.  Instead we got:  500. expected [404] but found [500]
	at com.payoff.weather.test.bvt.PayoffWeatherTestBVT.checkRestMethodCompliance(PayoffWeatherTestBVT.java:155)
... Removed 37 stack frames]]>
    </failure>
  </testcase> <!-- checkRestMethodCompliance -->
  <testcase name="checkValidWeather" time="0.991" classname="com.payoff.weather.test.bvt.PayoffWeatherTestBVT"/>
  <testcase name="checkValidWeather" time="0.964" classname="com.payoff.weather.test.bvt.PayoffWeatherTestBVT">
    <failure type="java.lang.AssertionError" message="For New York:  We expected the first day of the week to be:  Tue.  But we got:  Mon, instead. expected [tue] but found [mon]">
      <![CDATA[java.lang.AssertionError: For New York:  We expected the first day of the week to be:  Tue.  But we got:  Mon, instead. expected [tue] but found [mon]
	at com.payoff.weather.test.bvt.PayoffWeatherTestBVT.checkValidWeather(PayoffWeatherTestBVT.java:83)
... Removed 37 stack frames]]>
    </failure>
  </testcase> <!-- checkValidWeather -->
  <testcase name="checkValidWeather" time="1.129" classname="com.payoff.weather.test.bvt.PayoffWeatherTestBVT"/>
  <testcase name="checkValidWeather" time="0.773" classname="com.payoff.weather.test.bvt.PayoffWeatherTestBVT">
    <failure type="java.lang.AssertionError" message="For Guadalcanal:  We expected the first day of the week to be:  Tue.  But we got:  Mon, instead. expected [tue] but found [mon]">
      <![CDATA[java.lang.AssertionError: For Guadalcanal:  We expected the first day of the week to be:  Tue.  But we got:  Mon, instead. expected [tue] but found [mon]
	at com.payoff.weather.test.bvt.PayoffWeatherTestBVT.checkValidWeather(PayoffWeatherTestBVT.java:83)
... Removed 37 stack frames]]>
    </failure>
  </testcase> <!-- checkValidWeather -->
  <testcase name="checkValidWeather" time="1.013" classname="com.payoff.weather.test.bvt.PayoffWeatherTestBVT"/>
  <testcase name="checkValidWeather" time="0.874" classname="com.payoff.weather.test.bvt.PayoffWeatherTestBVT">
    <failure type="java.lang.AssertionError" message="For Carlsbad, NM:  We expected the first day of the week to be:  Tue.  But we got:  Mon, instead. expected [tue] but found [mon]">
      <![CDATA[java.lang.AssertionError: For Carlsbad, NM:  We expected the first day of the week to be:  Tue.  But we got:  Mon, instead. expected [tue] but found [mon]
	at com.payoff.weather.test.bvt.PayoffWeatherTestBVT.checkValidWeather(PayoffWeatherTestBVT.java:83)
... Removed 37 stack frames]]>
    </failure>
  </testcase> <!-- checkValidWeather -->
  <testcase name="checkValidWeather" time="0.947" classname="com.payoff.weather.test.bvt.PayoffWeatherTestBVT"/>
  <testcase name="checkValidWeather" time="1.2" classname="com.payoff.weather.test.bvt.PayoffWeatherTestBVT"/>
  <testcase name="noAuthHeader" time="0.062" classname="com.payoff.weather.test.bvt.PayoffWeatherTestBVT"/>
  <testcase name="noAuthValue" time="0.061" classname="com.payoff.weather.test.bvt.PayoffWeatherTestBVT"/>
</testsuite> <!-- Command line test -->
